<?xml version="1.0" encoding="UTF-8"?>
<testsuite name="TriangleTest" tests="4" skipped="0" failures="0" errors="0" timestamp="2016-02-15T18:13:07" hostname="epicodus-61.local" time="0.001">
  <properties/>
  <testcase name="isTriangle_notValidLengths_false" classname="TriangleTest" time="0.0"/>
  <testcase name="newTriangle_instantiatesCorrectly" classname="TriangleTest" time="0.0"/>
  <testcase name="isTriangle_validTriangle_true" classname="TriangleTest" time="0.0"/>
  <testcase name="newTriangle_getsSides" classname="TriangleTest" time="0.0"/>
  <system-out><![CDATA[]]></system-out>
  <system-err><![CDATA[]]></system-err>
</testsuite>
